Reading pref.tcl

# 2020.1

# vsim -c work.simtop -do "run -all; quit" 
# Start time: 11:20:43 on Oct 17,2025
# ** Note: (vsim-3812) Design is being optimized...
# //  Questa Sim-64
# //  Version 2020.1 linux_x86_64 Jan 28 2020
# //
# //  Copyright 1991-2020 Mentor Graphics Corporation
# //  All Rights Reserved.
# //
# //  QuestaSim and its associated documentation contain trade
# //  secrets and commercial or financial information that are the property of
# //  Mentor Graphics Corporation and are privileged, confidential,
# //  and exempt from disclosure under the Freedom of Information Act,
# //  5 U.S.C. Section 552. Furthermore, this information
# //  is prohibited from disclosure under the Trade Secrets Act,
# //  18 U.S.C. Section 1905.
# //
# Loading sv_std.std
# Loading work.simtop(fast)
# run -all
#  quit
# End time: 11:20:44 on Oct 17,2025, Elapsed time: 0:00:01
# Errors: 0, Warnings: 0
